This file contains any messages produced by compilers while
running configure, to aid debugging if configure makes a mistake.

It was created by configure, which was
generated by GNU Autoconf 2.71.  Invocation command line was

  $ ./configure --target=x86_64-windows --enable-sb16 --enable-ne2000 --enable-all-optimizations --enable-cpu-level=6 --enable-3dnow --enable-x86-64 --enable-vmx=2 --enable-svm --enable-avx --enable-evex --enable-cet --enable-pci --enable-clgd54xx --enable-voodoo --enable-usb --enable-usb-ohci --enable-usb-ehci --enable-usb-xhci --enable-busmouse --enable-es1370 --enable-e1000 --enable-show-ips --enable-debugger --enable-debugger-gui --disable-readline --without-x --with-win32 --with-rfb --with-nogui

## --------- ##
## Platform. ##
## --------- ##

hostname = LAPTOP-HA33ME8O
uname -m = x86_64
uname -r = 3.5.7-2644508f.x86_64
uname -s = MINGW64_NT-10.0-22631
uname -v = 2025-02-06 19:32 UTC

/usr/bin/uname -p = unknown
/bin/uname -X     = unknown

/bin/arch              = x86_64
/usr/bin/arch -k       = unknown
/usr/convex/getsysinfo = unknown
/usr/bin/hostinfo      = unknown
/bin/machine           = unknown
/usr/bin/oslevel       = unknown
/bin/universe          = unknown

PATH: /mingw64/bin/
PATH: /usr/local/bin/
PATH: /usr/bin/
PATH: /bin/
PATH: /c/Windows/System32/
PATH: /c/Windows/
PATH: /c/Windows/System32/Wbem/
PATH: /c/Windows/System32/WindowsPowerShell/v1.0/
PATH: /usr/bin/site_perl/
PATH: /usr/bin/vendor_perl/
PATH: /usr/bin/core_perl/


## ----------- ##
## Core tests. ##
## ----------- ##

configure:3084: loading site script /etc/config.site
| # This file is in public domain.
| # Original author: Karlson2k (Evgeny Grin)
| # Written for MSys2 to help running 'configure' scripts
| 
| # Defaults for MSys2/MinGW64-targeted programs
| 
| # Set proper selfname on bash and fallback to default name on other shells
| test -n "${BASH_SOURCE}" 2>/dev/null && config_site_me="${BASH_SOURCE[0]##*/}" || config_site_me=config.site
| 
| # Set default 'host' to speedup configure
| if test -z "$build_alias"; then
|   build_alias="${MSYSTEM_CHOST}"  && \
|     ${as_echo-echo} "$config_site_me:${as_lineno-$LINENO}: default build_alias set to $build_alias" >&5
| fi
| 
| # Set default 'prefix'
| if ( test -z "$prefix" || test "x$prefix" = "xNONE" ) && \
|     ( test -z "$exec_prefix" || test "x$exec_prefix" = "xNONE" ); then
|   prefix="${MSYSTEM_PREFIX}" && \
|     ${as_echo-echo} "$config_site_me:${as_lineno-$LINENO}: default prefix set to $prefix" >&5
| fi
config.site:13: default build_alias set to x86_64-w64-mingw32
config.site:20: default prefix set to /mingw64
configure:3659: looking for aux files: config.guess config.sub
configure:3672:  trying ./
configure:3701:   ./config.guess found
configure:3701:   ./config.sub found
configure:3835: checking build system type
configure:3850: result: x86_64-w64-mingw32
configure:3870: checking host system type
configure:3884: result: x86_64-w64-mingw32
configure:3904: checking target system type
configure:3918: result: x86_64-pc-windows
configure:3945: checking if you are configuring for another platform
configure:3948: result: yes
configure:4042: checking for standard CFLAGS on this platform
configure:4044: result: 
configure:4127: checking for gcc
configure:4148: found /mingw64/bin/gcc
configure:4159: result: gcc
configure:4512: checking for C compiler version
configure:4521: gcc --version >&5
gcc.exe (Rev2, Built by MSYS2 project) 14.2.0
Copyright (C) 2024 Free Software Foundation, Inc.
This is free software; see the source for copying conditions.  There is NO
warranty; not even for MERCHANTABILITY or FITNESS FOR A PARTICULAR PURPOSE.

configure:4532: $? = 0
configure:4521: gcc -v >&5
Using built-in specs.
COLLECT_GCC=C:\msys64\mingw64\bin\gcc.exe
COLLECT_LTO_WRAPPER=C:/msys64/mingw64/bin/../lib/gcc/x86_64-w64-mingw32/14.2.0/lto-wrapper.exe
Target: x86_64-w64-mingw32
Configured with: ../gcc-14.2.0/configure --prefix=/mingw64 --with-local-prefix=/mingw64/local --build=x86_64-w64-mingw32 --host=x86_64-w64-mingw32 --target=x86_64-w64-mingw32 --with-native-system-header-dir=/mingw64/include --libexecdir=/mingw64/lib --enable-bootstrap --enable-checking=release --with-arch=nocona --with-tune=generic --enable-languages=c,lto,c++,fortran,ada,objc,obj-c++,rust,jit --enable-shared --enable-static --enable-libatomic --enable-threads=posix --enable-graphite --enable-fully-dynamic-string --enable-libstdcxx-filesystem-ts --enable-libstdcxx-time --disable-libstdcxx-pch --enable-lto --enable-libgomp --disable-libssp --disable-multilib --disable-rpath --disable-win32-registry --disable-nls --disable-werror --disable-symvers --with-libiconv --with-system-zlib --with-gmp=/mingw64 --with-mpfr=/mingw64 --with-mpc=/mingw64 --with-isl=/mingw64 --with-pkgversion='Rev2, Built by MSYS2 project' --with-bugurl=https://github.com/msys2/MINGW-packages/issues --with-gnu-as --with-gnu-ld --disable-libstdcxx-debug --enable-plugin --with-boot-ldflags=-static-libstdc++ --with-stage1-ldflags=-static-libstdc++
Thread model: posix
Supported LTO compression algorithms: zlib zstd
gcc version 14.2.0 (Rev2, Built by MSYS2 project) 
configure:4532: $? = 0
configure:4521: gcc -V >&5
gcc.exe: error: unrecognized command-line option '-V'
gcc.exe: fatal error: no input files
compilation terminated.
configure:4532: $? = 1
configure:4521: gcc -qversion >&5
gcc.exe: error: unrecognized command-line option '-qversion'; did you mean '--version'?
gcc.exe: fatal error: no input files
compilation terminated.
configure:4532: $? = 1
configure:4521: gcc -version >&5
gcc.exe: error: unrecognized command-line option '-version'
gcc.exe: fatal error: no input files
compilation terminated.
configure:4532: $? = 1
configure:4552: checking whether the C compiler works
configure:4574: gcc    conftest.c  >&5
configure:4578: $? = 0
configure:4628: result: yes
configure:4631: checking for C compiler default output file name
configure:4633: result: a.exe
configure:4639: checking for suffix of executables
configure:4646: gcc -o conftest.exe    conftest.c  >&5
configure:4650: $? = 0
configure:4673: result: .exe
configure:4695: checking whether we are cross compiling
configure:4703: gcc -o conftest.exe    conftest.c  >&5
configure:4707: $? = 0
configure:4714: ./conftest.exe
configure:4718: $? = 0
configure:4733: result: no
configure:4738: checking for suffix of object files
configure:4761: gcc -c   conftest.c >&5
configure:4765: $? = 0
configure:4787: result: o
configure:4791: checking whether the compiler supports GNU C
configure:4811: gcc -c   conftest.c >&5
configure:4811: $? = 0
configure:4821: result: yes
configure:4832: checking whether gcc accepts -g
configure:4853: gcc -c -g  conftest.c >&5
configure:4853: $? = 0
configure:4897: result: yes
configure:4917: checking for gcc option to enable C11 features
configure:4932: gcc  -c -g -O2  conftest.c >&5
configure:4932: $? = 0
configure:4950: result: none needed
configure:5129: checking for g++
configure:5150: found /mingw64/bin/g++
configure:5161: result: g++
configure:5188: checking for C++ compiler version
configure:5197: g++ --version >&5
g++.exe (Rev2, Built by MSYS2 project) 14.2.0
Copyright (C) 2024 Free Software Foundation, Inc.
This is free software; see the source for copying conditions.  There is NO
warranty; not even for MERCHANTABILITY or FITNESS FOR A PARTICULAR PURPOSE.

configure:5208: $? = 0
configure:5197: g++ -v >&5
Using built-in specs.
COLLECT_GCC=C:\msys64\mingw64\bin\g++.exe
COLLECT_LTO_WRAPPER=C:/msys64/mingw64/bin/../lib/gcc/x86_64-w64-mingw32/14.2.0/lto-wrapper.exe
Target: x86_64-w64-mingw32
Configured with: ../gcc-14.2.0/configure --prefix=/mingw64 --with-local-prefix=/mingw64/local --build=x86_64-w64-mingw32 --host=x86_64-w64-mingw32 --target=x86_64-w64-mingw32 --with-native-system-header-dir=/mingw64/include --libexecdir=/mingw64/lib --enable-bootstrap --enable-checking=release --with-arch=nocona --with-tune=generic --enable-languages=c,lto,c++,fortran,ada,objc,obj-c++,rust,jit --enable-shared --enable-static --enable-libatomic --enable-threads=posix --enable-graphite --enable-fully-dynamic-string --enable-libstdcxx-filesystem-ts --enable-libstdcxx-time --disable-libstdcxx-pch --enable-lto --enable-libgomp --disable-libssp --disable-multilib --disable-rpath --disable-win32-registry --disable-nls --disable-werror --disable-symvers --with-libiconv --with-system-zlib --with-gmp=/mingw64 --with-mpfr=/mingw64 --with-mpc=/mingw64 --with-isl=/mingw64 --with-pkgversion='Rev2, Built by MSYS2 project' --with-bugurl=https://github.com/msys2/MINGW-packages/issues --with-gnu-as --with-gnu-ld --disable-libstdcxx-debug --enable-plugin --with-boot-ldflags=-static-libstdc++ --with-stage1-ldflags=-static-libstdc++
Thread model: posix
Supported LTO compression algorithms: zlib zstd
gcc version 14.2.0 (Rev2, Built by MSYS2 project) 
configure:5208: $? = 0
configure:5197: g++ -V >&5
g++.exe: error: unrecognized command-line option '-V'
g++.exe: fatal error: no input files
compilation terminated.
configure:5208: $? = 1
configure:5197: g++ -qversion >&5
g++.exe: error: unrecognized command-line option '-qversion'; did you mean '--version'?
g++.exe: fatal error: no input files
compilation terminated.
configure:5208: $? = 1
configure:5212: checking whether the compiler supports GNU C++
configure:5232: g++ -c   conftest.cpp >&5
configure:5232: $? = 0
configure:5242: result: yes
configure:5253: checking whether g++ accepts -g
configure:5274: g++ -c -g  conftest.cpp >&5
configure:5274: $? = 0
configure:5318: result: yes
configure:5338: checking for g++ option to enable C++11 features
configure:5353: g++  -c -g -O2  conftest.cpp >&5
conftest.cpp: In function 'int main(int, char**)':
conftest.cpp:176:25: warning: empty parentheses were disambiguated as a function declaration [-Wvexing-parse]
  176 |   cxx11test::delegate d2();
      |                         ^~
conftest.cpp:176:25: note: remove parentheses to default-initialize a variable
  176 |   cxx11test::delegate d2();
      |                         ^~
      |                         --
conftest.cpp:176:25: note: or replace parentheses with braces to value-initialize a variable
configure:5353: $? = 0
configure:5371: result: none needed
configure:5435: checking whether make sets $(MAKE)
configure:5458: result: yes
configure:20377: checking for pkg-config
configure:20400: found /mingw64/bin/pkg-config
configure:20412: result: /mingw64/bin/pkg-config
configure:20437: checking pkg-config is at least version 0.9.0
configure:20440: result: yes
configure:21308: checking whether byte ordering is bigendian
configure:21324: gcc -c -g -O2  conftest.c >&5
conftest.c:11:16: error: unknown type name 'not'
   11 |                not a universal capable compiler
      |                ^~~
conftest.c:11:22: error: expected '=', ',', ';', 'asm' or '__attribute__' before 'universal'
   11 |                not a universal capable compiler
      |                      ^~~~~~~~~
conftest.c:11:22: error: unknown type name 'universal'
configure:21324: $? = 1
configure: failed program was:
| /* confdefs.h */
| #define PACKAGE_NAME ""
| #define PACKAGE_TARNAME ""
| #define PACKAGE_VERSION ""
| #define PACKAGE_STRING ""
| #define PACKAGE_BUGREPORT ""
| #define PACKAGE_URL ""
| #define MSVC_TARGET 64
| /* end confdefs.h.  */
| #ifndef __APPLE_CC__
| 	       not a universal capable compiler
| 	     #endif
| 	     typedef int dummy;
| 
configure:21370: gcc -c -g -O2  conftest.c >&5
configure:21370: $? = 0
configure:21389: gcc -c -g -O2  conftest.c >&5
conftest.c: In function 'main':
conftest.c:17:18: error: unknown type name 'not'; did you mean 'ino_t'?
   17 |                  not big endian
      |                  ^~~
      |                  ino_t
conftest.c:17:26: error: expected '=', ',', ';', 'asm' or '__attribute__' before 'endian'
   17 |                  not big endian
      |                          ^~~~~~
configure:21389: $? = 1
configure: failed program was:
| /* confdefs.h */
| #define PACKAGE_NAME ""
| #define PACKAGE_TARNAME ""
| #define PACKAGE_VERSION ""
| #define PACKAGE_STRING ""
| #define PACKAGE_BUGREPORT ""
| #define PACKAGE_URL ""
| #define MSVC_TARGET 64
| /* end confdefs.h.  */
| #include <sys/types.h>
| 		#include <sys/param.h>
| 
| int
| main (void)
| {
| #if BYTE_ORDER != BIG_ENDIAN
| 		 not big endian
| 		#endif
| 
|   ;
|   return 0;
| }
configure:21523: result: no
configure:21545: checking size of unsigned char
configure:21551: gcc -o conftest.exe -g -O2   conftest.c  >&5
configure:21551: $? = 0
configure:21551: ./conftest.exe
configure:21551: $? = 0
configure:21566: result: 1
configure:21578: checking size of unsigned short
configure:21584: gcc -o conftest.exe -g -O2   conftest.c  >&5
configure:21584: $? = 0
configure:21584: ./conftest.exe
configure:21584: $? = 0
configure:21599: result: 2
configure:21611: checking size of unsigned int
configure:21617: gcc -o conftest.exe -g -O2   conftest.c  >&5
configure:21617: $? = 0
configure:21617: ./conftest.exe
configure:21617: $? = 0
configure:21632: result: 4
configure:21644: checking size of unsigned long
configure:21650: gcc -o conftest.exe -g -O2   conftest.c  >&5
configure:21650: $? = 0
configure:21650: ./conftest.exe
configure:21650: $? = 0
configure:21665: result: 4
configure:21677: checking size of unsigned long long
configure:21683: gcc -o conftest.exe -g -O2   conftest.c  >&5
configure:21683: $? = 0
configure:21683: ./conftest.exe
configure:21683: $? = 0
configure:21698: result: 8
configure:21744: checking for getenv
configure:21744: gcc -o conftest.exe -g -O2   conftest.c  >&5
configure:21744: $? = 0
configure:21744: result: yes
configure:21756: checking for setenv
configure:21756: gcc -o conftest.exe -g -O2   conftest.c  >&5
C:/msys64/mingw64/bin/../lib/gcc/x86_64-w64-mingw32/14.2.0/../../../../x86_64-w64-mingw32/bin/ld.exe: C:\msys64\tmp\ccKJFN0e.o: in function `main':
D:/Projekte/bochs-3.0/conftest.c:44:(.text.startup+0xa): undefined reference to `setenv'
collect2.exe: error: ld returned 1 exit status
configure:21756: $? = 1
configure: failed program was:
| /* confdefs.h */
| #define PACKAGE_NAME ""
| #define PACKAGE_TARNAME ""
| #define PACKAGE_VERSION ""
| #define PACKAGE_STRING ""
| #define PACKAGE_BUGREPORT ""
| #define PACKAGE_URL ""
| #define MSVC_TARGET 64
| #define SIZEOF_UNSIGNED_CHAR 1
| #define SIZEOF_UNSIGNED_SHORT 2
| #define SIZEOF_UNSIGNED_INT 4
| #define SIZEOF_UNSIGNED_LONG 4
| #define SIZEOF_UNSIGNED_LONG_LONG 8
| #define HAVE_GETENV 1
| #define BX_HAVE_GETENV 1
| /* end confdefs.h.  */
| /* Define setenv to an innocuous variant, in case <limits.h> declares setenv.
|    For example, HP-UX 11i <limits.h> declares gettimeofday.  */
| #define setenv innocuous_setenv
| 
| /* System header to define __stub macros and hopefully few prototypes,
|    which can conflict with char setenv (); below.  */
| 
| #include <limits.h>
| #undef setenv
| 
| /* Override any GCC internal prototype to avoid an error.
|    Use char because int might match the return type of a GCC
|    builtin and then its argument prototype would still apply.  */
| #ifdef __cplusplus
| extern "C"
| #endif
| char setenv ();
| /* The GNU C library defines this for functions which it implements
|     to always fail with ENOSYS.  Some functions are actually named
|     something starting with __ and the normal name is an alias.  */
| #if defined __stub_setenv || defined __stub___setenv
| choke me
| #endif
| 
| int
| main (void)
| {
| return setenv ();
|   ;
|   return 0;
| }
configure:21756: result: no
configure:21768: checking for snprintf
configure:21768: gcc -o conftest.exe -g -O2   conftest.c  >&5
conftest.c:33:6: warning: conflicting types for built-in function 'snprintf'; expected 'int(char *, long long unsigned int,  const char *, ...)' [-Wbuiltin-declaration-mismatch]
   33 | char snprintf ();
      |      ^~~~~~~~
conftest.c:25:1: note: 'snprintf' is declared in header '<stdio.h>'
   24 | #include <limits.h>
   25 | #undef snprintf
configure:21768: $? = 0
configure:21768: result: yes
configure:21780: checking for vsnprintf
configure:21780: gcc -o conftest.exe -g -O2   conftest.c  >&5
conftest.c:35:6: warning: conflicting types for built-in function 'vsnprintf'; expected 'int(char *, long long unsigned int,  const char *, char *)' [-Wbuiltin-declaration-mismatch]
   35 | char vsnprintf ();
      |      ^~~~~~~~~
conftest.c:27:1: note: 'vsnprintf' is declared in header '<stdio.h>'
   26 | #include <limits.h>
   27 | #undef vsnprintf
configure:21780: $? = 0
configure:21780: result: yes
configure:22086: checking for sleep
configure:22086: gcc -o conftest.exe -g -O2   conftest.c  >&5
configure:22086: $? = 0
configure:22086: result: yes
configure:22098: checking for nanosleep
configure:22098: gcc -o conftest.exe -g -O2   conftest.c  >&5
configure:22098: $? = 0
configure:22098: result: yes
configure:22110: checking for abort
configure:22110: gcc -o conftest.exe -g -O2   conftest.c  >&5
conftest.c:61:6: warning: conflicting types for built-in function 'abort'; expected 'void(void)' [-Wbuiltin-declaration-mismatch]
   61 | char abort ();
      |      ^~~~~
conftest.c:53:1: note: 'abort' is declared in header '<stdlib.h>'
   52 | #include <limits.h>
   53 | #undef abort
configure:22110: $? = 0
configure:22110: result: yes
configure:22119: checking for struct sockaddr_in.sin_len
configure:22119: gcc -c -g -O2  conftest.c >&5
conftest.c:47:10: fatal error: sys/socket.h: No such file or directory
   47 | #include <sys/socket.h>
      |          ^~~~~~~~~~~~~~
compilation terminated.
configure:22119: $? = 1
configure: failed program was:
| /* confdefs.h */
| #define PACKAGE_NAME ""
| #define PACKAGE_TARNAME ""
| #define PACKAGE_VERSION ""
| #define PACKAGE_STRING ""
| #define PACKAGE_BUGREPORT ""
| #define PACKAGE_URL ""
| #define MSVC_TARGET 64
| #define SIZEOF_UNSIGNED_CHAR 1
| #define SIZEOF_UNSIGNED_SHORT 2
| #define SIZEOF_UNSIGNED_INT 4
| #define SIZEOF_UNSIGNED_LONG 4
| #define SIZEOF_UNSIGNED_LONG_LONG 8
| #define HAVE_GETENV 1
| #define BX_HAVE_GETENV 1
| #define HAVE_SNPRINTF 1
| #define BX_HAVE_SNPRINTF 1
| #define HAVE_VSNPRINTF 1
| #define BX_HAVE_VSNPRINTF 1
| #define BX_HAVE_SELECT 1
| #define BX_HAVE_SOCKLEN_T 0
| #define BX_HAVE_STRTOULL 1
| #define BX_HAVE_STRTOUQ 0
| #define BX_HAVE_STRDUP 1
| #define BX_HAVE_STRREV 1
| #define BX_HAVE_STRICMP 1
| #define BX_HAVE_STRCASECMP 0
| #define BX_HAVE_MKSTEMP 0
| #define BX_HAVE_SYS_MMAN_H 0
| #define BX_HAVE_GETTIMEOFDAY 0
| #define BX_HAVE_USLEEP 0
| #define BX_HAVE___BUILTIN_BSWAP32 0
| #define BX_HAVE___BUILTIN_BSWAP64 0
| #define BX_HAVE_TMPFILE64 0
| #define BX_HAVE_FSEEK64 0
| #define BX_HAVE_FSEEKO64 0
| #define BX_HAVE_SSIZE_T 0
| #define BX_HAVE_SETENV 0
| #define SIZEOF_INT_P 8
| #define HAVE_SLEEP 1
| #define BX_HAVE_SLEEP 1
| #define HAVE_NANOSLEEP 1
| #define BX_HAVE_NANOSLEEP 1
| #define HAVE_ABORT 1
| #define BX_HAVE_ABORT 1
| /* end confdefs.h.  */
| #include <sys/socket.h>
| #include <netinet/in.h>
| 
| int
| main (void)
| {
| static struct sockaddr_in ac_aggr;
| if (ac_aggr.sin_len)
| return 0;
|   ;
|   return 0;
| }
configure:22119: gcc -c -g -O2  conftest.c >&5
conftest.c:47:10: fatal error: sys/socket.h: No such file or directory
   47 | #include <sys/socket.h>
      |          ^~~~~~~~~~~~~~
compilation terminated.
configure:22119: $? = 1
configure: failed program was:
| /* confdefs.h */
| #define PACKAGE_NAME ""
| #define PACKAGE_TARNAME ""
| #define PACKAGE_VERSION ""
| #define PACKAGE_STRING ""
| #define PACKAGE_BUGREPORT ""
| #define PACKAGE_URL ""
| #define MSVC_TARGET 64
| #define SIZEOF_UNSIGNED_CHAR 1
| #define SIZEOF_UNSIGNED_SHORT 2
| #define SIZEOF_UNSIGNED_INT 4
| #define SIZEOF_UNSIGNED_LONG 4
| #define SIZEOF_UNSIGNED_LONG_LONG 8
| #define HAVE_GETENV 1
| #define BX_HAVE_GETENV 1
| #define HAVE_SNPRINTF 1
| #define BX_HAVE_SNPRINTF 1
| #define HAVE_VSNPRINTF 1
| #define BX_HAVE_VSNPRINTF 1
| #define BX_HAVE_SELECT 1
| #define BX_HAVE_SOCKLEN_T 0
| #define BX_HAVE_STRTOULL 1
| #define BX_HAVE_STRTOUQ 0
| #define BX_HAVE_STRDUP 1
| #define BX_HAVE_STRREV 1
| #define BX_HAVE_STRICMP 1
| #define BX_HAVE_STRCASECMP 0
| #define BX_HAVE_MKSTEMP 0
| #define BX_HAVE_SYS_MMAN_H 0
| #define BX_HAVE_GETTIMEOFDAY 0
| #define BX_HAVE_USLEEP 0
| #define BX_HAVE___BUILTIN_BSWAP32 0
| #define BX_HAVE___BUILTIN_BSWAP64 0
| #define BX_HAVE_TMPFILE64 0
| #define BX_HAVE_FSEEK64 0
| #define BX_HAVE_FSEEKO64 0
| #define BX_HAVE_SSIZE_T 0
| #define BX_HAVE_SETENV 0
| #define SIZEOF_INT_P 8
| #define HAVE_SLEEP 1
| #define BX_HAVE_SLEEP 1
| #define HAVE_NANOSLEEP 1
| #define BX_HAVE_NANOSLEEP 1
| #define HAVE_ABORT 1
| #define BX_HAVE_ABORT 1
| /* end confdefs.h.  */
| #include <sys/socket.h>
| #include <netinet/in.h>
| 
| int
| main (void)
| {
| static struct sockaddr_in ac_aggr;
| if (sizeof ac_aggr.sin_len)
| return 0;
|   ;
|   return 0;
| }
configure:22119: result: no
configure:22131: checking for mktime
configure:22131: gcc -o conftest.exe -g -O2   conftest.c  >&5
configure:22131: $? = 0
configure:22131: result: yes
configure:22150: checking for _FILE_OFFSET_BITS value needed for large files
configure:22172: gcc -c -g -O2  conftest.c >&5
configure:22172: $? = 0
configure:22182: result: 64
configure:22236: checking if large file support is available
configure:22242: result: yes
configure:22261: checking if compiler allows __attribute__
configure:22274: gcc -c -g -O2 -D_FILE_OFFSET_BITS=64 -D_LARGE_FILES  -D_FILE_OFFSET_BITS=64 -D_LARGE_FILES conftest.c >&5
configure:22274: $? = 0
configure:22276: result: yes
configure:22295: checking for set
configure:22308: g++ -c -g -O2 -D_FILE_OFFSET_BITS=64 -D_LARGE_FILES  -D_FILE_OFFSET_BITS=64 -D_LARGE_FILES conftest.cpp >&5
configure:22308: $? = 0
configure:22311: result: yes
configure:22321: checking for set.h
configure:22334: g++ -c -g -O2 -D_FILE_OFFSET_BITS=64 -D_LARGE_FILES  -D_FILE_OFFSET_BITS=64 -D_LARGE_FILES conftest.cpp >&5
conftest.cpp:52:10: fatal error: set.h: No such file or directory
   52 | #include <set.h>
      |          ^~~~~~~
compilation terminated.
configure:22334: $? = 1
configure: failed program was:
| /* confdefs.h */
| #define PACKAGE_NAME ""
| #define PACKAGE_TARNAME ""
| #define PACKAGE_VERSION ""
| #define PACKAGE_STRING ""
| #define PACKAGE_BUGREPORT ""
| #define PACKAGE_URL ""
| #define MSVC_TARGET 64
| #define SIZEOF_UNSIGNED_CHAR 1
| #define SIZEOF_UNSIGNED_SHORT 2
| #define SIZEOF_UNSIGNED_INT 4
| #define SIZEOF_UNSIGNED_LONG 4
| #define SIZEOF_UNSIGNED_LONG_LONG 8
| #define HAVE_GETENV 1
| #define BX_HAVE_GETENV 1
| #define HAVE_SNPRINTF 1
| #define BX_HAVE_SNPRINTF 1
| #define HAVE_VSNPRINTF 1
| #define BX_HAVE_VSNPRINTF 1
| #define BX_HAVE_SELECT 1
| #define BX_HAVE_SOCKLEN_T 0
| #define BX_HAVE_STRTOULL 1
| #define BX_HAVE_STRTOUQ 0
| #define BX_HAVE_STRDUP 1
| #define BX_HAVE_STRREV 1
| #define BX_HAVE_STRICMP 1
| #define BX_HAVE_STRCASECMP 0
| #define BX_HAVE_MKSTEMP 0
| #define BX_HAVE_SYS_MMAN_H 0
| #define BX_HAVE_GETTIMEOFDAY 0
| #define BX_HAVE_USLEEP 0
| #define BX_HAVE___BUILTIN_BSWAP32 0
| #define BX_HAVE___BUILTIN_BSWAP64 0
| #define BX_HAVE_TMPFILE64 0
| #define BX_HAVE_FSEEK64 0
| #define BX_HAVE_FSEEKO64 0
| #define BX_HAVE_SSIZE_T 0
| #define BX_HAVE_SETENV 0
| #define SIZEOF_INT_P 8
| #define HAVE_SLEEP 1
| #define BX_HAVE_SLEEP 1
| #define HAVE_NANOSLEEP 1
| #define BX_HAVE_NANOSLEEP 1
| #define HAVE_ABORT 1
| #define BX_HAVE_ABORT 1
| #define HAVE_MKTIME 1
| #define BX_HAVE_MKTIME 1
| #define _FILE_OFFSET_BITS 64
| #define HAVE_LARGEFILE_SUPPORT 1
| #define BX_HAVE_SET 1
| /* end confdefs.h.  */
| #include <set.h>
| int
| main (void)
| {
| 
|   ;
|   return 0;
| }
configure:22343: result: no
configure:22347: checking for map
configure:22360: g++ -c -g -O2 -D_FILE_OFFSET_BITS=64 -D_LARGE_FILES  -D_FILE_OFFSET_BITS=64 -D_LARGE_FILES conftest.cpp >&5
configure:22360: $? = 0
configure:22363: result: yes
configure:22373: checking for map.h
configure:22386: g++ -c -g -O2 -D_FILE_OFFSET_BITS=64 -D_LARGE_FILES  -D_FILE_OFFSET_BITS=64 -D_LARGE_FILES conftest.cpp >&5
conftest.cpp:53:10: fatal error: map.h: No such file or directory
   53 | #include <map.h>
      |          ^~~~~~~
compilation terminated.
configure:22386: $? = 1
configure: failed program was:
| /* confdefs.h */
| #define PACKAGE_NAME ""
| #define PACKAGE_TARNAME ""
| #define PACKAGE_VERSION ""
| #define PACKAGE_STRING ""
| #define PACKAGE_BUGREPORT ""
| #define PACKAGE_URL ""
| #define MSVC_TARGET 64
| #define SIZEOF_UNSIGNED_CHAR 1
| #define SIZEOF_UNSIGNED_SHORT 2
| #define SIZEOF_UNSIGNED_INT 4
| #define SIZEOF_UNSIGNED_LONG 4
| #define SIZEOF_UNSIGNED_LONG_LONG 8
| #define HAVE_GETENV 1
| #define BX_HAVE_GETENV 1
| #define HAVE_SNPRINTF 1
| #define BX_HAVE_SNPRINTF 1
| #define HAVE_VSNPRINTF 1
| #define BX_HAVE_VSNPRINTF 1
| #define BX_HAVE_SELECT 1
| #define BX_HAVE_SOCKLEN_T 0
| #define BX_HAVE_STRTOULL 1
| #define BX_HAVE_STRTOUQ 0
| #define BX_HAVE_STRDUP 1
| #define BX_HAVE_STRREV 1
| #define BX_HAVE_STRICMP 1
| #define BX_HAVE_STRCASECMP 0
| #define BX_HAVE_MKSTEMP 0
| #define BX_HAVE_SYS_MMAN_H 0
| #define BX_HAVE_GETTIMEOFDAY 0
| #define BX_HAVE_USLEEP 0
| #define BX_HAVE___BUILTIN_BSWAP32 0
| #define BX_HAVE___BUILTIN_BSWAP64 0
| #define BX_HAVE_TMPFILE64 0
| #define BX_HAVE_FSEEK64 0
| #define BX_HAVE_FSEEKO64 0
| #define BX_HAVE_SSIZE_T 0
| #define BX_HAVE_SETENV 0
| #define SIZEOF_INT_P 8
| #define HAVE_SLEEP 1
| #define BX_HAVE_SLEEP 1
| #define HAVE_NANOSLEEP 1
| #define BX_HAVE_NANOSLEEP 1
| #define HAVE_ABORT 1
| #define BX_HAVE_ABORT 1
| #define HAVE_MKTIME 1
| #define BX_HAVE_MKTIME 1
| #define _FILE_OFFSET_BITS 64
| #define HAVE_LARGEFILE_SUPPORT 1
| #define BX_HAVE_SET 1
| #define BX_HAVE_MAP 1
| /* end confdefs.h.  */
| #include <map.h>
| int
| main (void)
| {
| 
|   ;
|   return 0;
| }
configure:22395: result: no
configure:22689: checking for idle hack
configure:22707: result: no
configure:22717: checking for dlfcn.h
configure:22717: gcc -c -g -O2 -D_FILE_OFFSET_BITS=64 -D_LARGE_FILES  -D_FILE_OFFSET_BITS=64 -D_LARGE_FILES conftest.c >&5
conftest.c:82:10: fatal error: dlfcn.h: No such file or directory
   82 | #include <dlfcn.h>
      |          ^~~~~~~~~
compilation terminated.
configure:22717: $? = 1
configure: failed program was:
| /* confdefs.h */
| #define PACKAGE_NAME ""
| #define PACKAGE_TARNAME ""
| #define PACKAGE_VERSION ""
| #define PACKAGE_STRING ""
| #define PACKAGE_BUGREPORT ""
| #define PACKAGE_URL ""
| #define MSVC_TARGET 64
| #define SIZEOF_UNSIGNED_CHAR 1
| #define SIZEOF_UNSIGNED_SHORT 2
| #define SIZEOF_UNSIGNED_INT 4
| #define SIZEOF_UNSIGNED_LONG 4
| #define SIZEOF_UNSIGNED_LONG_LONG 8
| #define HAVE_GETENV 1
| #define BX_HAVE_GETENV 1
| #define HAVE_SNPRINTF 1
| #define BX_HAVE_SNPRINTF 1
| #define HAVE_VSNPRINTF 1
| #define BX_HAVE_VSNPRINTF 1
| #define BX_HAVE_SELECT 1
| #define BX_HAVE_SOCKLEN_T 0
| #define BX_HAVE_STRTOULL 1
| #define BX_HAVE_STRTOUQ 0
| #define BX_HAVE_STRDUP 1
| #define BX_HAVE_STRREV 1
| #define BX_HAVE_STRICMP 1
| #define BX_HAVE_STRCASECMP 0
| #define BX_HAVE_MKSTEMP 0
| #define BX_HAVE_SYS_MMAN_H 0
| #define BX_HAVE_GETTIMEOFDAY 0
| #define BX_HAVE_USLEEP 0
| #define BX_HAVE___BUILTIN_BSWAP32 0
| #define BX_HAVE___BUILTIN_BSWAP64 0
| #define BX_HAVE_TMPFILE64 0
| #define BX_HAVE_FSEEK64 0
| #define BX_HAVE_FSEEKO64 0
| #define BX_HAVE_SSIZE_T 0
| #define BX_HAVE_SETENV 0
| #define SIZEOF_INT_P 8
| #define HAVE_SLEEP 1
| #define BX_HAVE_SLEEP 1
| #define HAVE_NANOSLEEP 1
| #define BX_HAVE_NANOSLEEP 1
| #define HAVE_ABORT 1
| #define BX_HAVE_ABORT 1
| #define HAVE_MKTIME 1
| #define BX_HAVE_MKTIME 1
| #define _FILE_OFFSET_BITS 64
| #define HAVE_LARGEFILE_SUPPORT 1
| #define BX_HAVE_SET 1
| #define BX_HAVE_MAP 1
| #define BX_USE_IDLE_HACK 0
| /* end confdefs.h.  */
| #include <stddef.h>
| #ifdef HAVE_STDIO_H
| # include <stdio.h>
| #endif
| #ifdef HAVE_STDLIB_H
| # include <stdlib.h>
| #endif
| #ifdef HAVE_STRING_H
| # include <string.h>
| #endif
| #ifdef HAVE_INTTYPES_H
| # include <inttypes.h>
| #endif
| #ifdef HAVE_STDINT_H
| # include <stdint.h>
| #endif
| #ifdef HAVE_STRINGS_H
| # include <strings.h>
| #endif
| #ifdef HAVE_SYS_TYPES_H
| # include <sys/types.h>
| #endif
| #ifdef HAVE_SYS_STAT_H
| # include <sys/stat.h>
| #endif
| #ifdef HAVE_UNISTD_H
| # include <unistd.h>
| #endif
| #include <dlfcn.h>
configure:22717: result: no
configure:22724: checking for assert.h
configure:22724: gcc -c -g -O2 -D_FILE_OFFSET_BITS=64 -D_LARGE_FILES  -D_FILE_OFFSET_BITS=64 -D_LARGE_FILES conftest.c >&5
configure:22724: $? = 0
configure:22724: result: yes
configure:22732: checking for plugins support
configure:22825: result: no
configure:22899: checking if compiler allows LL for 64-bit constants
configure:22912: gcc -c -g -O2 -D_FILE_OFFSET_BITS=64 -D_LARGE_FILES  -D_FILE_OFFSET_BITS=64 -D_LARGE_FILES conftest.c >&5
configure:22912: $? = 0
configure:22914: result: yes
configure:22926: checking for A20 support
configure:22945: result: yes
configure:22955: checking for x86-64 support
configure:22961: result: yes
configure:22989: checking for SMP support
configure:23011: result: no
configure:23020: checking for cpu level
configure:23045: result: 6
configure:23078: checking for larger than 32 bit physical address emulation
configure:23098: result: yes
configure:23113: checking for large ramfile support
configure:23131: result: yes
configure:23141: checking for repeated IO and mem copy speedups
configure:23157: result: no
configure:23165: checking for gcc / MSVC nmake fast function calls optimization
configure:23181: result: no
configure:23189: checking for handlers chaining speedups
configure:23205: result: no
configure:23213: checking for trace linking speedups support
configure:23229: result: no
configure:23237: checking support for configurable MSR registers
configure:23256: result: yes
configure:23271: checking show IPS
configure:23277: result: yes
configure:23298: checking for use of .cpp as suffix
configure:23316: result: no
configure:23344: checking for Bochs internal debugger support
configure:23350: result: yes
configure:23358: checking for flex
configure:23394: result: not_found
configure:23404: checking for yacc
configure:23440: result: not_found
configure:23448: checking whether to generate parser / lexer files
configure:23452: result: no
configure:23484: checking enable Bochs internal debugger GUI
configure:23490: result: yes
configure:23517: checking for gdb stub enable
configure:23543: result: no
configure:23555: checking for I/O Interface to the debugger
configure:23578: result: yes
configure:23594: checking for ALL optimizations enabled
configure:23600: result: yes
configure:23673: checking whether user wants readline
configure:23683: result: no
configure:23698: checking whether to use readline
configure:23794: result: no
configure:23799: checking for readline/history.h
configure:23799: gcc -c -g -O2 -D_FILE_OFFSET_BITS=64 -D_LARGE_FILES  -D_FILE_OFFSET_BITS=64 -D_LARGE_FILES conftest.c >&5
In file included from C:/msys64/mingw64/include/readline/history.h:36,
                 from conftest.c:99:
C:/msys64/mingw64/include/readline/rltypedefs.h:71:29: error: unknown type name 'FILE'
   71 | typedef int rl_getc_func_t (FILE *);
      |                             ^~~~
C:/msys64/mingw64/include/readline/rltypedefs.h:1:1: note: 'FILE' is defined in header '<stdio.h>'; this is probably fixable by adding '#include <stdio.h>'
    1 | /* rltypedefs.h -- Type declarations for readline functions. */
configure:23799: $? = 1
configure: failed program was:
| /* confdefs.h */
| #define PACKAGE_NAME ""
| #define PACKAGE_TARNAME ""
| #define PACKAGE_VERSION ""
| #define PACKAGE_STRING ""
| #define PACKAGE_BUGREPORT ""
| #define PACKAGE_URL ""
| #define MSVC_TARGET 64
| #define SIZEOF_UNSIGNED_CHAR 1
| #define SIZEOF_UNSIGNED_SHORT 2
| #define SIZEOF_UNSIGNED_INT 4
| #define SIZEOF_UNSIGNED_LONG 4
| #define SIZEOF_UNSIGNED_LONG_LONG 8
| #define HAVE_GETENV 1
| #define BX_HAVE_GETENV 1
| #define HAVE_SNPRINTF 1
| #define BX_HAVE_SNPRINTF 1
| #define HAVE_VSNPRINTF 1
| #define BX_HAVE_VSNPRINTF 1
| #define BX_HAVE_SELECT 1
| #define BX_HAVE_SOCKLEN_T 0
| #define BX_HAVE_STRTOULL 1
| #define BX_HAVE_STRTOUQ 0
| #define BX_HAVE_STRDUP 1
| #define BX_HAVE_STRREV 1
| #define BX_HAVE_STRICMP 1
| #define BX_HAVE_STRCASECMP 0
| #define BX_HAVE_MKSTEMP 0
| #define BX_HAVE_SYS_MMAN_H 0
| #define BX_HAVE_GETTIMEOFDAY 0
| #define BX_HAVE_USLEEP 0
| #define BX_HAVE___BUILTIN_BSWAP32 0
| #define BX_HAVE___BUILTIN_BSWAP64 0
| #define BX_HAVE_TMPFILE64 0
| #define BX_HAVE_FSEEK64 0
| #define BX_HAVE_FSEEKO64 0
| #define BX_HAVE_SSIZE_T 0
| #define BX_HAVE_SETENV 0
| #define SIZEOF_INT_P 8
| #define HAVE_SLEEP 1
| #define BX_HAVE_SLEEP 1
| #define HAVE_NANOSLEEP 1
| #define BX_HAVE_NANOSLEEP 1
| #define HAVE_ABORT 1
| #define BX_HAVE_ABORT 1
| #define HAVE_MKTIME 1
| #define BX_HAVE_MKTIME 1
| #define _FILE_OFFSET_BITS 64
| #define HAVE_LARGEFILE_SUPPORT 1
| #define BX_HAVE_SET 1
| #define BX_HAVE_MAP 1
| #define BX_USE_IDLE_HACK 0
| #define HAVE_ASSERT_H 1
| #define BX_PLUGINS 0
| #define BX_SUPPORT_A20 1
| #define BX_SUPPORT_X86_64 1
| #define BX_SUPPORT_SMP 0
| #define BX_CPU_LEVEL 6
| #define BX_PHY_ADDRESS_LONG 1
| #define BX_LARGE_RAMFILE 1
| #define BX_CONFIGURE_MSRS 1
| #define BX_SHOW_IPS 1
| #define BX_DEBUGGER 1
| #define BX_GDBSTUB 0
| #define BX_SUPPORT_IODEBUG 1
| #define BX_SUPPORT_REPEAT_SPEEDUPS 1
| #define BX_FAST_FUNC_CALL 1
| #define BX_SUPPORT_HANDLERS_CHAINING_SPEEDUPS 1
| #define BX_ENABLE_TRACE_LINKING 1
| /* end confdefs.h.  */
| #include <stddef.h>
| #ifdef HAVE_STDIO_H
| # include <stdio.h>
| #endif
| #ifdef HAVE_STDLIB_H
| # include <stdlib.h>
| #endif
| #ifdef HAVE_STRING_H
| # include <string.h>
| #endif
| #ifdef HAVE_INTTYPES_H
| # include <inttypes.h>
| #endif
| #ifdef HAVE_STDINT_H
| # include <stdint.h>
| #endif
| #ifdef HAVE_STRINGS_H
| # include <strings.h>
| #endif
| #ifdef HAVE_SYS_TYPES_H
| # include <sys/types.h>
| #endif
| #ifdef HAVE_SYS_STAT_H
| # include <sys/stat.h>
| #endif
| #ifdef HAVE_UNISTD_H
| # include <unistd.h>
| #endif
| #include <readline/history.h>
configure:23799: result: no
configure:23810: checking for instrumentation support
configure:23837: result: no
configure:23849: checking enable logging
configure:23867: result: yes
configure:23876: checking enable statistics collection
configure:23894: result: yes
configure:23903: checking enable assert checks
configure:23922: result: yes
configure:23938: checking for FPU emulation
configure:23964: result: yes
configure:23986: checking for VMX support
configure:24008: result: 2
configure:24039: checking for SVM support
configure:24045: result: yes
configure:24073: checking for User-Mode Protection Keys support
configure:24093: result: no
configure:24107: checking for Control Flow Enforcement Technology support
configure:24113: result: yes
configure:24141: checking for User Level Interrupt support
configure:24161: result: no
configure:24174: checking for 3DNow! support
configure:24180: result: yes
configure:24209: checking for alignment check support
configure:24229: result: yes
configure:24244: checking for MONITOR/MWAIT instructions support (experimental)
configure:24264: result: yes
configure:24279: checking for limited hardware performance monitoring emulation support (experimental)
configure:24299: result: yes
configure:24314: checking for memory type support
configure:24333: result: no
configure:24344: checking for AVX instructions support
configure:24350: result: yes
configure:24380: checking for EVEX prefix and AVX-512 extensions support
configure:24386: result: yes
configure:24414: checking for AMX extensions support
configure:24434: result: no
configure:24447: checking for x86 debugger support
configure:24466: result: yes
configure:24477: checking for i440FX PCI support
configure:24483: result: yes
configure:24512: checking for PCI host device mapping support
configure:24575: result: no
configure:24589: checking for USB UHCI support
configure:24595: result: yes
configure:24622: checking for USB OHCI support
configure:24628: result: yes
configure:24654: checking for USB EHCI support
configure:24660: result: yes
configure:24686: checking for USB xHCI support
configure:24692: result: yes
configure:24733: checking enable Bochs USB debugger
configure:24752: result: yes
configure:24770: checking for NE2000 support
configure:24776: result: yes
configure:24800: checking for PCI pseudo NIC support
configure:24821: result: no
configure:24830: checking for Intel(R) Gigabit Ethernet support
configure:24836: result: yes
configure:24871: checking for slirp networking support
configure:24896: result: builtin
configure:25046: checking for ethernet modules
configure:25048: result: null vnet slirp socket win32
configure:25073: checking for raw serial support
configure:25091: result: no
configure:25103: checking for CLGD54XX emulation
configure:25109: result: yes
configure:25132: checking for 3dfx Voodoo Graphics emulation
configure:25138: result: yes
configure:25169: checking for lowlevel CDROM support
configure:25187: result: yes
configure:25245: checking for Sound Blaster 16 support
configure:25251: result: yes
configure:25277: checking for ES1370 soundcard support
configure:25283: result: yes
configure:25459: checking for sound lowlevel modules
configure:25461: result: win
configure:25463: checking for default sound lowlevel module
configure:25465: result: win
configure:25481: checking for standard PC gameport support
configure:25511: result: yes
configure:25527: checking for Busmouse support
configure:25533: result: yes
configure:25559: checking for docbook2html
configure:25595: result: not_found
configure:25607: checking for jade
configure:25642: result: no
configure:25607: checking for openjade
configure:25642: result: no
configure:25651: checking whether to build docbook documentation
configure:25683: result: no
configure:25891: checking for wx-config
configure:25912: found /mingw64/bin/wx-config
configure:25924: result: wx-config
configure:25934: checking for wxWidgets configuration script
configure:25936: result: wx-config
configure:25944: checking for wxWidgets library version
configure:25980: result: 3.0.5
configure:26001: checking for default gui on this platform
configure:26003: result: win32
configure:26399: checking for display libraries
configure:26401: result:  rfb win32 nogui
configure:26498: checking for wget
configure:26519: found /usr/bin/wget
configure:26530: result: wget
configure:27266: checking for pthread.h
configure:27266: cl -c /nologo /MT /W3 /DNDEBUG /DWIN32 /D_WINDOWS /D_CRT_SECURE_NO_WARNINGS /O2 /Gr /EHsc /std:c++20  -D_FILE_OFFSET_BITS=64 -D_LARGE_FILES conftest.c >&5
./configure: line 1992: cl: command not found
configure:27266: $? = 127
configure: failed program was:
| /* confdefs.h */
| #define PACKAGE_NAME ""
| #define PACKAGE_TARNAME ""
| #define PACKAGE_VERSION ""
| #define PACKAGE_STRING ""
| #define PACKAGE_BUGREPORT ""
| #define PACKAGE_URL ""
| #define MSVC_TARGET 64
| #define SIZEOF_UNSIGNED_CHAR 1
| #define SIZEOF_UNSIGNED_SHORT 2
| #define SIZEOF_UNSIGNED_INT 4
| #define SIZEOF_UNSIGNED_LONG 4
| #define SIZEOF_UNSIGNED_LONG_LONG 8
| #define HAVE_GETENV 1
| #define BX_HAVE_GETENV 1
| #define HAVE_SNPRINTF 1
| #define BX_HAVE_SNPRINTF 1
| #define HAVE_VSNPRINTF 1
| #define BX_HAVE_VSNPRINTF 1
| #define BX_HAVE_SELECT 1
| #define BX_HAVE_SOCKLEN_T 0
| #define BX_HAVE_STRTOULL 1
| #define BX_HAVE_STRTOUQ 0
| #define BX_HAVE_STRDUP 1
| #define BX_HAVE_STRREV 1
| #define BX_HAVE_STRICMP 1
| #define BX_HAVE_STRCASECMP 0
| #define BX_HAVE_MKSTEMP 0
| #define BX_HAVE_SYS_MMAN_H 0
| #define BX_HAVE_GETTIMEOFDAY 0
| #define BX_HAVE_USLEEP 0
| #define BX_HAVE___BUILTIN_BSWAP32 0
| #define BX_HAVE___BUILTIN_BSWAP64 0
| #define BX_HAVE_TMPFILE64 0
| #define BX_HAVE_FSEEK64 0
| #define BX_HAVE_FSEEKO64 0
| #define BX_HAVE_SSIZE_T 0
| #define BX_HAVE_SETENV 0
| #define SIZEOF_INT_P 8
| #define HAVE_SLEEP 1
| #define BX_HAVE_SLEEP 1
| #define HAVE_NANOSLEEP 1
| #define BX_HAVE_NANOSLEEP 1
| #define HAVE_ABORT 1
| #define BX_HAVE_ABORT 1
| #define HAVE_MKTIME 1
| #define BX_HAVE_MKTIME 1
| #define _FILE_OFFSET_BITS 64
| #define HAVE_LARGEFILE_SUPPORT 1
| #define BX_HAVE_SET 1
| #define BX_HAVE_MAP 1
| #define BX_USE_IDLE_HACK 0
| #define HAVE_ASSERT_H 1
| #define BX_PLUGINS 0
| #define BX_SUPPORT_A20 1
| #define BX_SUPPORT_X86_64 1
| #define BX_SUPPORT_SMP 0
| #define BX_CPU_LEVEL 6
| #define BX_PHY_ADDRESS_LONG 1
| #define BX_LARGE_RAMFILE 1
| #define BX_CONFIGURE_MSRS 1
| #define BX_SHOW_IPS 1
| #define BX_DEBUGGER 1
| #define BX_GDBSTUB 0
| #define BX_SUPPORT_IODEBUG 1
| #define BX_SUPPORT_REPEAT_SPEEDUPS 1
| #define BX_FAST_FUNC_CALL 1
| #define BX_SUPPORT_HANDLERS_CHAINING_SPEEDUPS 1
| #define BX_ENABLE_TRACE_LINKING 1
| #define BX_INSTRUMENTATION 0
| #define BX_NO_LOGGING 0
| #define BX_ENABLE_STATISTICS 1
| #define BX_ASSERT_ENABLE 1
| #define BX_SUPPORT_FPU 1
| #define BX_SUPPORT_VMX 2
| #define BX_SUPPORT_SVM 1
| #define BX_SUPPORT_PKEYS 0
| #define BX_SUPPORT_CET 1
| #define BX_SUPPORT_UINTR 0
| #define BX_SUPPORT_3DNOW 1
| #define BX_SUPPORT_ALIGNMENT_CHECK 1
| #define BX_SUPPORT_MONITOR_MWAIT 1
| #define BX_SUPPORT_PERFMON 1
| #define BX_SUPPORT_MEMTYPE 0
| #define BX_SUPPORT_AVX 1
| #define BX_SUPPORT_EVEX 1
| #define BX_SUPPORT_AMX 0
| #define BX_X86_DEBUGGER 1
| #define BX_SUPPORT_PCI 1
| #define BX_SUPPORT_PCIDEV 0
| #define BX_SUPPORT_USB_UHCI 1
| #define BX_SUPPORT_USB_OHCI 1
| #define BX_SUPPORT_USB_EHCI 1
| #define BX_SUPPORT_USB_XHCI 1
| #define BX_SUPPORT_NE2K 1
| #define BX_SUPPORT_PCIPNIC 0
| #define BX_SUPPORT_E1000 1
| #define BX_NETMOD_SLIRP 1
| #define BX_NETMOD_SOCKET 1
| #define BX_NETMOD_WIN32 1
| #define BX_NETWORKING 1
| #define BX_USE_RAW_SERIAL 0
| #define BX_SUPPORT_CLGD54XX 1
| #define BX_SUPPORT_VOODOO 1
| #define LOWLEVEL_CDROM cdrom_win32_c
| #define BX_SUPPORT_CDROM 1
| #define BX_SUPPORT_SB16 1
| #define BX_SUPPORT_ES1370 1
| #define BX_SUPPORT_SOUNDLOW 1
| #define BX_HAVE_SOUND_WIN 1
| #define BX_SOUND_LOWLEVEL_NAME "win"
| #define BX_SUPPORT_GAMEPORT 1
| #define BX_SUPPORT_BUSMOUSE 1
| #define WX_MSW_UNICODE 1
| #define BX_WITH_RFB 1
| #define BX_WITH_WIN32 1
| #define BX_WITH_NOGUI 1
| #define BX_HAVE_GTK_VERSION 0
| #define BX_DEFAULT_CONFIG_INTERFACE "win32config"
| #define BX_DEFAULT_DISPLAY_LIBRARY "win32"
| #define BX_USE_TEXTCONFIG 1
| #define BX_USE_GUI_CONSOLE 1
| #define BX_64BIT_CONSTANTS_USE_LL 0
| #define BX_CPP_INLINE __forceinline
| #define BX_NO_ATTRIBUTES 1
| #define HAVE_LIBREADLINE 0
| #define HAVE_READLINE_HISTORY_H 0
| #define BX_HAVE_DLFCN_H 0
| #define BX_DEBUGGER_GUI 1
| #define BX_USB_DEBUGGER 1
| /* end confdefs.h.  */
| #include <stddef.h>
| #ifdef HAVE_STDIO_H
| # include <stdio.h>
| #endif
| #ifdef HAVE_STDLIB_H
| # include <stdlib.h>
| #endif
| #ifdef HAVE_STRING_H
| # include <string.h>
| #endif
| #ifdef HAVE_INTTYPES_H
| # include <inttypes.h>
| #endif
| #ifdef HAVE_STDINT_H
| # include <stdint.h>
| #endif
| #ifdef HAVE_STRINGS_H
| # include <strings.h>
| #endif
| #ifdef HAVE_SYS_TYPES_H
| # include <sys/types.h>
| #endif
| #ifdef HAVE_SYS_STAT_H
| # include <sys/stat.h>
| #endif
| #ifdef HAVE_UNISTD_H
| # include <unistd.h>
| #endif
| #include <pthread.h>
configure:27266: result: no
configure:27680: checking for gzip
configure:27703: found /usr/bin/gzip
configure:27715: result: /usr/bin/gzip
configure:27725: checking for tar
configure:27748: found /usr/bin/tar
configure:27760: result: /usr/bin/tar
configure:27770: checking for iasl
configure:27806: result: not_found
configure:27924: creating ./config.status

## ---------------------- ##
## Running config.status. ##
## ---------------------- ##

This file was extended by config.status, which was
generated by GNU Autoconf 2.71.  Invocation command line was

  CONFIG_FILES    = 
  CONFIG_HEADERS  = 
  CONFIG_LINKS    = 
  CONFIG_COMMANDS = 
  $ ./config.status 

on LAPTOP-HA33ME8O

config.status:1110: creating Makefile
config.status:1110: creating iodev/Makefile
config.status:1110: creating iodev/display/Makefile
config.status:1110: creating iodev/hdimage/Makefile
config.status:1110: creating iodev/usb/Makefile
config.status:1110: creating iodev/network/Makefile
config.status:1110: creating iodev/sound/Makefile
config.status:1110: creating bx_debug/Makefile
config.status:1110: creating bios/Makefile
config.status:1110: creating cpu/Makefile
config.status:1110: creating cpu/avx/Makefile
config.status:1110: creating cpu/cpudb/Makefile
config.status:1110: creating cpu/fpu/Makefile
config.status:1110: creating cpu/softfloat3e/Makefile
config.status:1110: creating memory/Makefile
config.status:1110: creating gui/Makefile
config.status:1110: creating instrument/stubs/Makefile
config.status:1110: creating misc/Makefile
config.status:1110: creating doc/docbook/Makefile
config.status:1110: creating build/linux/bochs-dlx
config.status:1110: creating bxversion.h
config.status:1110: creating bxversion.rc
config.status:1110: creating build/macosx/Info.plist
config.status:1110: creating build/win32/nsis/Makefile
config.status:1110: creating build/win32/nsis/bochs.nsi
config.status:1110: creating host/linux/pcidev/Makefile
config.status:1110: creating config.h

## ---------------- ##
## Cache variables. ##
## ---------------- ##

ac_cv_build=x86_64-w64-mingw32
ac_cv_c_bigendian=no
ac_cv_c_compiler_gnu=yes
ac_cv_cxx_compiler_gnu=yes
ac_cv_env_CCC_set=
ac_cv_env_CCC_value=
ac_cv_env_CC_set=
ac_cv_env_CC_value=
ac_cv_env_CFLAGS_set=
ac_cv_env_CFLAGS_value=
ac_cv_env_CPPFLAGS_set=
ac_cv_env_CPPFLAGS_value=
ac_cv_env_CPP_set=
ac_cv_env_CPP_value=
ac_cv_env_CXXCPP_set=
ac_cv_env_CXXCPP_value=
ac_cv_env_CXXFLAGS_set=
ac_cv_env_CXXFLAGS_value=
ac_cv_env_CXX_set=
ac_cv_env_CXX_value=
ac_cv_env_F77_set=
ac_cv_env_F77_value=
ac_cv_env_FFLAGS_set=
ac_cv_env_FFLAGS_value=
ac_cv_env_LDFLAGS_set=
ac_cv_env_LDFLAGS_value=
ac_cv_env_LIBS_set=
ac_cv_env_LIBS_value=
ac_cv_env_PKG_CONFIG_set=
ac_cv_env_PKG_CONFIG_value=
ac_cv_env_XMKMF_set=
ac_cv_env_XMKMF_value=
ac_cv_env_build_alias_set=
ac_cv_env_build_alias_value=
ac_cv_env_host_alias_set=
ac_cv_env_host_alias_value=
ac_cv_env_target_alias_set=set
ac_cv_env_target_alias_value=x86_64-windows
ac_cv_exeext=.exe
ac_cv_func_abort=yes
ac_cv_func_getenv=yes
ac_cv_func_mktime=yes
ac_cv_func_nanosleep=yes
ac_cv_func_setenv=no
ac_cv_func_sleep=yes
ac_cv_func_snprintf=yes
ac_cv_func_vsnprintf=yes
ac_cv_header_assert_h=yes
ac_cv_header_dlfcn_h=no
ac_cv_header_pthread_h=no
ac_cv_header_readline_history_h=no
ac_cv_host=x86_64-w64-mingw32
ac_cv_member_struct_sockaddr_in_sin_len=no
ac_cv_objext=o
ac_cv_path_DOCBOOK2HTML=not_found
ac_cv_path_FLEX=not_found
ac_cv_path_GZIP=/usr/bin/gzip
ac_cv_path_IASL=not_found
ac_cv_path_TAR=/usr/bin/tar
ac_cv_path_YACC=not_found
ac_cv_path_ac_pt_PKG_CONFIG=/mingw64/bin/pkg-config
ac_cv_prog_WGET=wget
ac_cv_prog_WX_CONFIG=wx-config
ac_cv_prog_ac_ct_CC=gcc
ac_cv_prog_ac_ct_CXX=g++
ac_cv_prog_cc_c11=
ac_cv_prog_cc_g=yes
ac_cv_prog_cc_stdc=
ac_cv_prog_cxx_11=no
ac_cv_prog_cxx_cxx11=
ac_cv_prog_cxx_g=yes
ac_cv_prog_cxx_stdcxx=
ac_cv_prog_make_make_set=yes
ac_cv_sizeof_unsigned_char=1
ac_cv_sizeof_unsigned_int=4
ac_cv_sizeof_unsigned_long=4
ac_cv_sizeof_unsigned_long_long=8
ac_cv_sizeof_unsigned_short=2
ac_cv_sys_file_offset_bits=64
ac_cv_target=x86_64-pc-windows

## ----------------- ##
## Output variables. ##
## ----------------- ##

ALSA_SOUND_LINK_OPTS=''
AR=''
AVX_LIB_VAR='$(AVX_LIB)'
BOCHS_BITS='64'
BUILD_DOCBOOK_VAR=''
BUSM_OBJS='busmouse.o'
BXHUB_FLAG='/DBXHUB'
BXHUB_LINK_OPTS='ws2_32.lib'
BXIMAGE_FLAG='/DBXIMAGE'
BXIMAGE_LINK_OPTS='user32.lib'
BX_LARGE_RAMFILE=''
BX_USE_IDLE_HACK=''
CC='cl'
CDROM_OBJS='cdrom.o cdrom_win32.o'
CD_UP_ONE='cd ..'
CD_UP_THREE='cd ..\..\..'
CD_UP_TWO='cd ..\..'
CFLAGS='/nologo /MT /W3 /DNDEBUG /DWIN32 /D_WINDOWS /D_CRT_SECURE_NO_WARNINGS /O2 /Gr /EHsc /std:c++20'
CFP='/Tc'
CI_PLUGIN_OBJS='textconfig.o $(CI_OBJS_WIN32)'
CI_SUPPORT_OBJS='$(CI_OBJS_WIN32_SUPPORT)'
CLEAN_DOCBOOK_VAR=''
CLEAN_PCIDEV_VAR=''
COMMAND_SEPARATOR=''
CPP=''
CPPFLAGS=' -D_FILE_OFFSET_BITS=64 -D_LARGE_FILES'
CPP_SUFFIX='cc'
CXX='cl'
CXXCPP=''
CXXFLAGS='/nologo /MT /W3 /DNDEBUG /DWIN32 /D_WINDOWS /D_CRT_SECURE_NO_WARNINGS /O2 /Gr /EHsc /std:c++20'
CXXFLAGS_CONSOLE='/nologo /MT /W3 /EHs-c- /DNDEBUG /DWIN32 /D_WINDOWS /D_CRT_SECURE_NO_WARNINGS /O2 /Gr /EHsc /std:c++20'
CXXFP='/Tp'
DASH='/'
DEBUGGER_VAR='$(DEBUGGER_LIB)'
DEFINE_PLUGIN_PATH=''
DEFS='-DHAVE_CONFIG_H'
DEPMOD=''
DEVICE_LINK_OPTS=' iphlpapi.lib ws2_32.lib winmm.lib'
DISPLAY_DLL_TARGETS='bx_svga_cirrus.dll bx_voodoo.dll'
DISPLAY_EXTRA_OBJS=' banshee.o'
DISPLAY_LIB_VAR='iodev/display/libdisplay.a'
DISPLAY_OBJS='svga_cirrus.o voodoo.o'
DLLTOOL=''
DOCBOOK2HTML='not_found'
ECHO='echo'
ECHO_C=''
ECHO_N='-n'
ECHO_T=''
EGREP=''
ENH_DBG_OBJS='enh_dbg.o win32_enh_dbg_osdep.o'
EXE='.exe'
EXEEXT='.exe'
EXPORT_DYNAMIC=''
EXTERNAL_DEPENDENCY=''
EXTRA_BX_OBJS=' win32res.o'
EXTRA_LINK_OPTS=''
EXT_MSVC_DLL_RULES=''
F77=''
FFLAGS=''
FLEX='not_found'
FPU_VAR='$(FPU_LIB) $(SOFTFLOAT_LIB)'
GAME_OBJS='gameport.o'
GDBSTUB_VAR=''
GNU_MAKE_ONLY='# '
GREP=''
GUI_CFLAGS=''
GUI_CXXFLAGS=''
GUI_DLL_TARGETS=' bx_rfb_gui.dll bx_win32_gui.dll bx_nogui_gui.dll'
GUI_LINK_OPTS=' $(GUI_LINK_OPTS_RFB) $(GUI_LINK_OPTS_WIN32_VCPP)'
GUI_LINK_OPTS_SDL2=''
GUI_LINK_OPTS_SDL=''
GUI_LINK_OPTS_TERM=''
GUI_LINK_OPTS_VNCSRV=''
GUI_LINK_OPTS_WX=''
GUI_NON_PLUGIN_OBJS='$(OBJS_THAT_CANNOT_BE_PLUGINS) $(OBJS_THAT_CAN_BE_PLUGINS) $(OBJS_THAT_SUPPORT_OTHER_PLUGINS)'
GUI_PLUGIN_NAME_TRANSFORMATION='%.o=libbx_%_gui.la'
GUI_PLUGIN_OBJS=''
GZIP='/usr/bin/gzip'
HDIMAGE_LIB_VAR='iodev/hdimage/libhdimage.a'
IASL='not_found'
IMG_PLUGIN_NAME_TRANSFORMATION='%.o=libbx_%_img.la'
INLINE_VAR=''
INSMOD=''
INSTALL_DOCBOOK_VAR=''
INSTALL_LIST_FOR_PLATFORM=''
INSTALL_PLUGINS_VAR=''
INSTALL_TARGET='install_win32'
INSTRUMENT_DIR='instrument/stubs'
INSTRUMENT_VAR=''
IODEBUG_OBJS='iodebug.o'
IODEV_DLL_TARGETS=''
IODEV_EXT_NON_PLUGIN_OBJS='$(OBJS_THAT_CANNOT_BE_PLUGINS) $(OBJS_THAT_CAN_BE_PLUGINS) $(OBJS_THAT_SUPPORT_OTHER_PLUGINS)'
IODEV_EXT_PLUGIN_OBJS=''
IODEV_LIB_VAR='iodev/libiodev.a'
IODEV_NON_PLUGIN_OBJS='$(OBJS_THAT_CANNOT_BE_PLUGINS) $(OBJS_THAT_CAN_BE_PLUGINS) $(OBJS_THAT_SUPPORT_OTHER_PLUGINS)'
IODEV_PLUGIN_OBJS=''
JADE='not_found'
KERNELDIR=''
KERNEL_MODULE_SUFFIX=''
LDFLAGS=''
LIBADD_DL=''
LIBOBJS=''
LIBS=''
LIBTOOL=''
LIBVNCSERVER_CONFIG=''
LINK='link  /nologo /subsystem:console /incremental:no /out:$@ '
LINK_CONSOLE='link  /nologo /subsystem:console /incremental:no /out:$@ '
LINK_DLL=''
LINK_VAR=''
LN_S=''
LSMOD=''
LTLIBOBJS=''
MAKELIB='lib /nologo /subsystem:console /verbose /out:$@'
NETDEV_DLL_TARGETS='bx_ne2k.dll bx_e1000.dll'
NETDEV_OBJS='ne2k.o e1000.o'
NETLOW_OBJS='eth_null.o eth_vnet.o eth_slirp.o eth_socket.o eth_win32.o'
NETWORK_LIB_VAR='iodev/network/libnetwork.a'
NICLIST_LINK_OPTS=''
NMAKE_ONLY=''
NONINLINE_VAR='$(NONINLINE_OBJS)'
NONPLUGIN_GUI_LINK_OPTS='$(GUI_LINK_OPTS)'
NO_FLEX_YACC='#'
OBJEXT='o'
OBJS64='$(OBJS64)'
OFP='/Fo'
OPTIONAL_TARGET=' bxhub.exe niclist.exe'
PACKAGE_BUGREPORT=''
PACKAGE_NAME=''
PACKAGE_STRING=''
PACKAGE_TARNAME=''
PACKAGE_URL=''
PACKAGE_VERSION=''
PATH_SEPARATOR=':'
PCIDEV_MODULE_MAKE_ALL=''
PCI_OBJS='pci.o pci2isa.o pci_ide.o acpi.o hpet.o'
PKG_CONFIG='/mingw64/bin/pkg-config'
PLUGIN_LIB=''
PLUGIN_LIBNAME_TRANSFORMATION='%.o=libbx_%.la'
PLUGIN_TARGET=''
PLUGIN_TARGET_2=''
PRIMARY_TARGET='bochs.exe'
PTHREAD_CC='cl'
PTHREAD_CFLAGS=''
PTHREAD_LIBS=''
PULSE_SOUND_LINK_OPTS=''
RANLIB='echo'
RC_CMD='rc /fo'
READLINE_LIB=''
REL_STRING='Built from GitHub snapshot on February 16, 2025'
REL_TIMESTAMP='Sun Feb 16 10:00:00 CET 2025'
RFB_LIBS=' ws2_32.lib'
RMCOMMAND='-del'
RMMOD=''
SDL_SOUND_LINK_OPTS=''
SET_MAKE=''
SHELL='/bin/sh'
SLASH='\'
SLIRP_LINK_OPTS=''
SLIRP_OBJS2=''
SLIRP_OBJS='$(SLIRP_OBJS)'
SOUNDHW_DLL_TARGETS='bx_sb16.dll bx_es1370.dll'
SOUNDHW_OBJS='sb16.o es1370.o'
SOUNDLOW_OBJS='soundwin.o'
SOUND_LIB_VAR='iodev/sound/libsound.a'
SPECIFIC_GUI_OBJS=' $(GUI_OBJS_RFB) $(GUI_OBJS_WIN32) $(GUI_OBJS_NOGUI)'
SPECIFIC_GUI_SUPPORT_OBJS=''
STRIP=''
SUFFIX_LINE='.SUFFIXES: .cc'
TAR='/usr/bin/tar'
TOOLKIT_CXXFLAGS=''
USBHC_DLL_TARGETS='bx_usb_uhci.dll bx_usb_ohci.dll bx_usb_ehci.dll bx_usb_xhci.dll'
USBHC_OBJS='usb_uhci.o usb_ohci.o usb_ehci.o usb_xhci.o'
USB_DBG_OBJS='usb_debug.o win32usb.o'
USB_LIB_VAR='iodev/usb/libusb.a'
VERSION='3.0'
VER_DEV='0'
VER_MAJOR='3'
VER_MINOR='0'
VER_REVISION='0'
WGET='wget'
WIN32_DLL_IMPORT_LIB=''
WX_CFLAGS=''
WX_CONFIG='wx-config'
WX_CXXFLAGS=''
XMKMF=''
X_CFLAGS=''
X_EXTRA_LIBS=''
X_LIBS=''
X_PRE_LIBS=''
YACC='not_found'
ac_ct_CC='gcc'
ac_ct_CXX='g++'
ac_ct_F77=''
bindir='${exec_prefix}/bin'
build='x86_64-w64-mingw32'
build_alias='x86_64-w64-mingw32'
build_cpu='x86_64'
build_os='mingw32'
build_vendor='w64'
datadir='${datarootdir}'
datarootdir='${prefix}/share'
docdir='${datarootdir}/doc/${PACKAGE}'
dvidir='${docdir}'
exec_prefix='${prefix}'
host='x86_64-w64-mingw32'
host_alias=''
host_cpu='x86_64'
host_os='mingw32'
host_vendor='w64'
htmldir='${docdir}'
includedir='${prefix}/include'
infodir='${datarootdir}/info'
libdir='${exec_prefix}/lib'
libexecdir='${exec_prefix}/libexec'
localedir='${datarootdir}/locale'
localstatedir='${prefix}/var'
mandir='${datarootdir}/man'
oldincludedir='/usr/include'
pdfdir='${docdir}'
prefix='/mingw64'
program_transform_name='s,x,x,'
psdir='${docdir}'
runstatedir='${localstatedir}/run'
sbindir='${exec_prefix}/sbin'
sharedstatedir='${prefix}/com'
sysconfdir='${prefix}/etc'
target='x86_64-pc-windows'
target_alias='x86_64-windows'
target_cpu='x86_64'
target_os='windows'
target_vendor='pc'

## ----------- ##
## confdefs.h. ##
## ----------- ##

/* confdefs.h */
#define PACKAGE_NAME ""
#define PACKAGE_TARNAME ""
#define PACKAGE_VERSION ""
#define PACKAGE_STRING ""
#define PACKAGE_BUGREPORT ""
#define PACKAGE_URL ""
#define MSVC_TARGET 64
#define SIZEOF_UNSIGNED_CHAR 1
#define SIZEOF_UNSIGNED_SHORT 2
#define SIZEOF_UNSIGNED_INT 4
#define SIZEOF_UNSIGNED_LONG 4
#define SIZEOF_UNSIGNED_LONG_LONG 8
#define HAVE_GETENV 1
#define BX_HAVE_GETENV 1
#define HAVE_SNPRINTF 1
#define BX_HAVE_SNPRINTF 1
#define HAVE_VSNPRINTF 1
#define BX_HAVE_VSNPRINTF 1
#define BX_HAVE_SELECT 1
#define BX_HAVE_SOCKLEN_T 0
#define BX_HAVE_STRTOULL 1
#define BX_HAVE_STRTOUQ 0
#define BX_HAVE_STRDUP 1
#define BX_HAVE_STRREV 1
#define BX_HAVE_STRICMP 1
#define BX_HAVE_STRCASECMP 0
#define BX_HAVE_MKSTEMP 0
#define BX_HAVE_SYS_MMAN_H 0
#define BX_HAVE_GETTIMEOFDAY 0
#define BX_HAVE_USLEEP 0
#define BX_HAVE___BUILTIN_BSWAP32 0
#define BX_HAVE___BUILTIN_BSWAP64 0
#define BX_HAVE_TMPFILE64 0
#define BX_HAVE_FSEEK64 0
#define BX_HAVE_FSEEKO64 0
#define BX_HAVE_SSIZE_T 0
#define BX_HAVE_SETENV 0
#define SIZEOF_INT_P 8
#define HAVE_SLEEP 1
#define BX_HAVE_SLEEP 1
#define HAVE_NANOSLEEP 1
#define BX_HAVE_NANOSLEEP 1
#define HAVE_ABORT 1
#define BX_HAVE_ABORT 1
#define HAVE_MKTIME 1
#define BX_HAVE_MKTIME 1
#define _FILE_OFFSET_BITS 64
#define HAVE_LARGEFILE_SUPPORT 1
#define BX_HAVE_SET 1
#define BX_HAVE_MAP 1
#define BX_USE_IDLE_HACK 0
#define HAVE_ASSERT_H 1
#define BX_PLUGINS 0
#define BX_SUPPORT_A20 1
#define BX_SUPPORT_X86_64 1
#define BX_SUPPORT_SMP 0
#define BX_CPU_LEVEL 6
#define BX_PHY_ADDRESS_LONG 1
#define BX_LARGE_RAMFILE 1
#define BX_CONFIGURE_MSRS 1
#define BX_SHOW_IPS 1
#define BX_DEBUGGER 1
#define BX_GDBSTUB 0
#define BX_SUPPORT_IODEBUG 1
#define BX_SUPPORT_REPEAT_SPEEDUPS 1
#define BX_FAST_FUNC_CALL 1
#define BX_SUPPORT_HANDLERS_CHAINING_SPEEDUPS 1
#define BX_ENABLE_TRACE_LINKING 1
#define BX_INSTRUMENTATION 0
#define BX_NO_LOGGING 0
#define BX_ENABLE_STATISTICS 1
#define BX_ASSERT_ENABLE 1
#define BX_SUPPORT_FPU 1
#define BX_SUPPORT_VMX 2
#define BX_SUPPORT_SVM 1
#define BX_SUPPORT_PKEYS 0
#define BX_SUPPORT_CET 1
#define BX_SUPPORT_UINTR 0
#define BX_SUPPORT_3DNOW 1
#define BX_SUPPORT_ALIGNMENT_CHECK 1
#define BX_SUPPORT_MONITOR_MWAIT 1
#define BX_SUPPORT_PERFMON 1
#define BX_SUPPORT_MEMTYPE 0
#define BX_SUPPORT_AVX 1
#define BX_SUPPORT_EVEX 1
#define BX_SUPPORT_AMX 0
#define BX_X86_DEBUGGER 1
#define BX_SUPPORT_PCI 1
#define BX_SUPPORT_PCIDEV 0
#define BX_SUPPORT_USB_UHCI 1
#define BX_SUPPORT_USB_OHCI 1
#define BX_SUPPORT_USB_EHCI 1
#define BX_SUPPORT_USB_XHCI 1
#define BX_SUPPORT_NE2K 1
#define BX_SUPPORT_PCIPNIC 0
#define BX_SUPPORT_E1000 1
#define BX_NETMOD_SLIRP 1
#define BX_NETMOD_SOCKET 1
#define BX_NETMOD_WIN32 1
#define BX_NETWORKING 1
#define BX_USE_RAW_SERIAL 0
#define BX_SUPPORT_CLGD54XX 1
#define BX_SUPPORT_VOODOO 1
#define LOWLEVEL_CDROM cdrom_win32_c
#define BX_SUPPORT_CDROM 1
#define BX_SUPPORT_SB16 1
#define BX_SUPPORT_ES1370 1
#define BX_SUPPORT_SOUNDLOW 1
#define BX_HAVE_SOUND_WIN 1
#define BX_SOUND_LOWLEVEL_NAME "win"
#define BX_SUPPORT_GAMEPORT 1
#define BX_SUPPORT_BUSMOUSE 1
#define WX_MSW_UNICODE 1
#define BX_WITH_RFB 1
#define BX_WITH_WIN32 1
#define BX_WITH_NOGUI 1
#define BX_HAVE_GTK_VERSION 0
#define BX_DEFAULT_CONFIG_INTERFACE "win32config"
#define BX_DEFAULT_DISPLAY_LIBRARY "win32"
#define BX_USE_TEXTCONFIG 1
#define BX_USE_GUI_CONSOLE 1
#define BX_64BIT_CONSTANTS_USE_LL 0
#define BX_CPP_INLINE __forceinline
#define BX_NO_ATTRIBUTES 1
#define HAVE_LIBREADLINE 0
#define HAVE_READLINE_HISTORY_H 0
#define BX_HAVE_DLFCN_H 0
#define BX_DEBUGGER_GUI 1
#define BX_USB_DEBUGGER 1

configure: exit 0
